#
# There is insufficient memory for the Java Runtime Environment to continue.
# Native memory allocation (malloc) failed to allocate 1048576 bytes for AllocateHeap
# Possible reasons:
#   The system is out of physical RAM or swap space
#   In 32 bit mode, the process size limit was hit
# Possible solutions:
#   Reduce memory load on the system
#   Increase physical memory or swap space
#   Check if swap backing store is full
#   Use 64 bit Java on a 64 bit OS
#   Decrease Java heap size (-Xmx/-Xms)
#   Decrease number of Java threads
#   Decrease Java thread stack sizes (-Xss)
#   Set larger code cache with -XX:ReservedCodeCacheSize=
# This output file may be truncated or incomplete.
#
#  Out of Memory Error (memory/allocation.inline.hpp:61), pid=30908, tid=0x0000000000005b88
#
# JRE version:  (8.0) (build )
# Java VM: OpenJDK 64-Bit Server VM (25.71-b00 mixed mode windows-amd64 compressed oops)
# Failed to write core dump. Minidumps are not enabled by default on client versions of Windows
#

---------------  T H R E A D  ---------------

Current thread (0x0000000002d6d800):  JavaThread "Unknown thread" [_thread_in_vm, id=23432, stack(0x00000000031a0000,0x00000000032a0000)]

Stack: [0x00000000031a0000,0x00000000032a0000]
[error occurred during error reporting (printing stack bounds), id 0xc0000005]

Native frames: (J=compiled Java code, j=interpreted, Vv=VM code, C=native code)


---------------  P R O C E S S  ---------------

Java Threads: ( => current thread )

Other Threads:

=>0x0000000002d6d800 (exited) JavaThread "Unknown thread" [_thread_in_vm, id=23432, stack(0x00000000031a0000,0x00000000032a0000)]

VM state:not at safepoint (normal execution)

VM Mutex/Monitor currently owned by a thread: None

Heap:
 PSYoungGen      total 28672K, used 491K [0x00000000e0500000, 0x00000000e2500000, 0x0000000100000000)
  eden space 24576K, 2% used [0x00000000e0500000,0x00000000e057ae20,0x00000000e1d00000)
  from space 4096K, 0% used [0x00000000e2100000,0x00000000e2100000,0x00000000e2500000)
  to   space 4096K, 0% used [0x00000000e1d00000,0x00000000e1d00000,0x00000000e2100000)
 ParOldGen       total 65536K, used 0K [0x00000000a0e00000, 0x00000000a4e00000, 0x00000000e0500000)
  object space 65536K, 0% used [0x00000000a0e00000,0x00000000a0e00000,0x00000000a4e00000)
 Metaspace       used 777K, capacity 4480K, committed 4480K, reserved 1056768K
  class space    used 74K, capacity 384K, committed 384K, reserved 1048576K

Card table byte_map: [0x0000000012760000,0x0000000012a60000] byte_map_base: 0x0000000012259000

Marking Bits: (ParMarkBitMap*) 0x0000000051dcbe50
 Begin Bits: [0x0000000013460000, 0x0000000014c28000)
 End Bits:   [0x0000000014c28000, 0x00000000163f0000)

Polling page: 0x0000000002d00000

CodeCache: size=245760Kb used=327Kb max_used=327Kb free=245432Kb
 bounds [0x00000000033a0000, 0x0000000003610000, 0x00000000123a0000]
 total_blobs=56 nmethods=0 adapters=38
 compilation: enabled

Compilation events (0 events):
No events

GC Heap History (0 events):
No events

Deoptimization events (0 events):
No events

Classes redefined (0 events):
No events

Internal exceptions (0 events):
No events

Events (10 events):
Event: 0.040 loading class java/lang/Short
Event: 0.040 loading class java/lang/Short done
Event: 0.040 loading class java/lang/Integer
Event: 0.040 loading class java/lang/Integer done
Event: 0.040 loading class java/lang/Long
Event: 0.040 loading class java/lang/Long done
Event: 0.041 loading class java/lang/NullPointerException
Event: 0.041 loading class java/lang/NullPointerException done
Event: 0.041 loading class java/lang/ArithmeticException
Event: 0.041 loading class java/lang/ArithmeticException done


Dynamic libraries:
0x00007ff7b0c20000 - 0x00007ff7b0c55000 	C:\Program Files\Unity\Hub\Editor\2019.4.18f1\Editor\Data\PlaybackEngines\AndroidPlayer\OpenJDK\bin\java.exe
0x00007fff5f930000 - 0x00007fff5fb28000 	C:\WINDOWS\SYSTEM32\ntdll.dll
0x00007fff5da80000 - 0x00007fff5db3d000 	C:\WINDOWS\System32\KERNEL32.DLL
0x00007fff5d160000 - 0x00007fff5d42e000 	C:\WINDOWS\System32\KERNELBASE.dll
0x00007fff5dff0000 - 0x00007fff5e09e000 	C:\WINDOWS\System32\ADVAPI32.dll
0x00007fff5e100000 - 0x00007fff5e19e000 	C:\WINDOWS\System32\msvcrt.dll
0x00007fff5e620000 - 0x00007fff5e6bc000 	C:\WINDOWS\System32\sechost.dll
0x00007fff5f710000 - 0x00007fff5f835000 	C:\WINDOWS\System32\RPCRT4.dll
0x00007fff5e480000 - 0x00007fff5e620000 	C:\WINDOWS\System32\USER32.dll
0x00007fff5d4c0000 - 0x00007fff5d4e2000 	C:\WINDOWS\System32\win32u.dll
0x00007fff5e6c0000 - 0x00007fff5e6ea000 	C:\WINDOWS\System32\GDI32.dll
0x00007fff5d5d0000 - 0x00007fff5d6db000 	C:\WINDOWS\System32\gdi32full.dll
0x00007fff5d0c0000 - 0x00007fff5d15d000 	C:\WINDOWS\System32\msvcp_win.dll
0x00007fff5d890000 - 0x00007fff5d990000 	C:\WINDOWS\System32\ucrtbase.dll
0x00007fff4c5e0000 - 0x00007fff4c87a000 	C:\WINDOWS\WinSxS\amd64_microsoft.windows.common-controls_6595b64144ccf1df_6.0.19041.1110_none_60b5254171f9507e\COMCTL32.dll
0x00007fff5edc0000 - 0x00007fff5edf0000 	C:\WINDOWS\System32\IMM32.DLL
0x0000000051e50000 - 0x0000000051f22000 	C:\Program Files\Unity\Hub\Editor\2019.4.18f1\Editor\Data\PlaybackEngines\AndroidPlayer\OpenJDK\jre\bin\msvcr100.dll
0x0000000051600000 - 0x0000000051e49000 	C:\Program Files\Unity\Hub\Editor\2019.4.18f1\Editor\Data\PlaybackEngines\AndroidPlayer\OpenJDK\jre\bin\server\jvm.dll
0x00007fff5da70000 - 0x00007fff5da78000 	C:\WINDOWS\System32\PSAPI.DLL
0x00007fff58240000 - 0x00007fff58267000 	C:\WINDOWS\SYSTEM32\WINMM.dll
0x00007fff51860000 - 0x00007fff5186a000 	C:\WINDOWS\SYSTEM32\VERSION.dll
0x00007fff3d260000 - 0x00007fff3d269000 	C:\WINDOWS\SYSTEM32\WSOCK32.dll
0x00007fff5ed40000 - 0x00007fff5edab000 	C:\WINDOWS\System32\WS2_32.dll
0x00007fff57cb0000 - 0x00007fff57cbf000 	C:\Program Files\Unity\Hub\Editor\2019.4.18f1\Editor\Data\PlaybackEngines\AndroidPlayer\OpenJDK\jre\bin\verify.dll
0x00007fff42cf0000 - 0x00007fff42d19000 	C:\Program Files\Unity\Hub\Editor\2019.4.18f1\Editor\Data\PlaybackEngines\AndroidPlayer\OpenJDK\jre\bin\java.dll
0x00007fff4da10000 - 0x00007fff4da26000 	C:\Program Files\Unity\Hub\Editor\2019.4.18f1\Editor\Data\PlaybackEngines\AndroidPlayer\OpenJDK\jre\bin\zip.dll

VM Arguments:
java_command: <unknown>
java_class_path (initial): .
Launcher Type: SUN_STANDARD

Environment Variables:
JAVA_HOME=C:/Program Files/Unity/Hub/Editor/2019.4.18f1/Editor/Data/PlaybackEngines/AndroidPlayer\OpenJDK
PATH=C:\Program Files\Eclipse Foundation\jdk-8.0.302.8-hotspot\bin;C:\Python39\Scripts\;C:\Python39\;C:\WINDOWS\system32;C:\WINDOWS;C:\WINDOWS\System32\Wbem;C:\WINDOWS\System32\WindowsPowerShell\v1.0\;C:\WINDOWS\System32\OpenSSH\;C:\Program Files\dotnet\;C:\Program Files\Microsoft SQL Server\130\Tools\Binn\;C:\Program Files\Microsoft SQL Server\Client SDK\ODBC\170\Tools\Binn\;C:\Program Files\nodejs\;C:\ProgramData\chocolatey\bin;C:\Users\cthulhu\anaconda3;C:\Users\cthulhu\anaconda3\Library;C:\Users\cthulhu\anaconda3\Scripts;C:\Program Files\Git\cmd;C:\Program Files\Pandoc\;C:\Program Files\MiKTeX\miktex\bin\x64\;C:\Users\cthulhu\AppData\Local\Microsoft\WindowsApps;C:\Program Files\Java\jdk-13.0.2\bin;;C:\Users\cthulhu\AppData\Local\Programs\Microsoft VS Code\bin;C:\Users\cthulhu\AppData\Roaming\npm;C:\Users\cthulhu\.dotnet\tools;C:\Program Files (x86)\ESTsoft\ALSee\x64
USERNAME=cthulhu
OS=Windows_NT
PROCESSOR_IDENTIFIER=AMD64 Family 23 Model 24 Stepping 1, AuthenticAMD



---------------  S Y S T E M  ---------------

OS: Windows 10.0 , 64 bit Build 19041 (10.0.19041.1889)

CPU:total 8 (initial active 8) (8 cores per cpu, 1 threads per core) family 23 model 24 stepping 1, cmov, cx8, fxsr, mmx, sse, sse2, sse3, ssse3, sse4.1, sse4.2, popcnt, avx, avx2, aes, clmul, mmxext, 3dnowpref, lzcnt, sse4a, tsc, tscinvbit, tscinv, bmi1

Memory: 4k page, physical 6228620k(304652k free), swap 25102988k(4824k free)

vm_info: OpenJDK 64-Bit Server VM (25.71-b00) for windows-amd64 JRE (1.8.0-adoptopenjdk-_2018_05_19_00_59-b00), built on May 19 2018 01:02:12 by "jenkins" with MS VC++ 10.0 (VS2010)

time: Thu Aug 25 17:38:20 2022
elapsed time: 0 seconds (0d 0h 0m 0s)

